Post Processor Report
OrCAD FILE: C:\CAIN\ECB_AT91_V1_7\ECB_AT91_V1_7.MAX
Sat Apr 19 22:59:22 2008

*********************************************************

Output file: C:\CAIN\ECB_AT91_V1_7\ECB_AT91_V1_7.TOP

Aperture totals for C:\CAIN\ECB_AT91_V1_7\ECB_AT91_V1_7.TOP:
---------------------------------------------------------
D11:  0.0500 x 0.0400 RECTANGLE -----      30 Flashes
D12:  0.0400 x 0.0500 RECTANGLE -----      24 Flashes
D13:  0.1000 x 0.0600 RECTANGLE -----      10 Flashes
D15:  0.0600 ROUND  --       0 Draws,      52 Flashes
D16:  0.0870 ROUND  --       0 Draws,       2 Flashes
D17:  0.1250 ROUND  --       0 Draws,       2 Flashes
D18:  0.0550 ROUND  --       0 Draws,      12 Flashes
D19:  0.0550 SQUARE --       0 Draws,       5 Flashes
D20:  0.0620 ROUND  --       0 Draws,      14 Flashes
D21:  0.0620 SQUARE --       0 Draws,       2 Flashes
D22:  0.0551 ROUND  --       0 Draws,       8 Flashes
D23:  0.1340 ROUND  --       0 Draws,       7 Flashes
D24:  0.0775 ROUND  --       0 Draws,       2 Flashes
D25:  0.0669 ROUND  --       0 Draws,       4 Flashes
D26:  0.0580 ROUND  --       0 Draws,      19 Flashes
D27:  0.0580 SQUARE --       0 Draws,       6 Flashes
D28:  0.0500 SQUARE --       0 Draws,       2 Flashes
D29:  0.0700 x 0.0110 OBLONG    -----      94 Flashes
D30:  0.0700 x 0.0110 RECTANGLE -----      10 Flashes
D31:  0.0110 x 0.0700 OBLONG    -----      93 Flashes
D32:  0.0110 x 0.0700 RECTANGLE -----      11 Flashes
D33:  0.0700 x 0.0180 OBLONG    -----      14 Flashes
D34:  0.0700 x 0.0180 RECTANGLE -----       2 Flashes
D35:  0.0180 x 0.0700 OBLONG    -----      14 Flashes
D36:  0.0180 x 0.0700 RECTANGLE -----       2 Flashes
D37:  0.0250 x 0.0800 RECTANGLE -----       8 Flashes
D38:  0.0550 x 0.0150 RECTANGLE -----      16 Flashes
D39:  0.0700 x 0.0160 RECTANGLE -----      20 Flashes
D40:  0.0100 x 0.0700 RECTANGLE -----      24 Flashes
D41:  0.0700 x 0.0100 RECTANGLE -----      24 Flashes
D42:  0.0250 x 0.0750 RECTANGLE -----       8 Flashes
D43:  0.0880 x 0.1420 RECTANGLE -----       1 Flashes
D44:  0.0880 x 0.0480 RECTANGLE -----       3 Flashes
D45:  0.0866 x 0.0512 RECTANGLE -----       4 Flashes
D46:  0.0236 ROUND  --       0 Draws,     150 Flashes
D47:  0.0039 ROUND  --   29068 Draws,       0 Flashes
D48:  0.0236 ROUND  --       0 Draws,       1 Flashes
D49:  0.0080 ROUND  --    1236 Draws,       0 Flashes
D50:  0.0197 ROUND  --      54 Draws,       0 Flashes
D51:  0.0236 ROUND  --       0 Draws,     158 Flashes
D52:  0.0079 ROUND  --     254 Draws,       0 Flashes
D53:  0.0157 ROUND  --     412 Draws,       0 Flashes
D54:  0.0276 ROUND  --      20 Draws,       0 Flashes
D55:  0.0394 ROUND  --      40 Draws,       0 Flashes
D56:  0.0236 ROUND  --      18 Draws,       0 Flashes
D57:  0.0118 ROUND  --       6 Draws,       0 Flashes
D150: 0.0236 ROUND  --       0 Draws,       1 Flashes
---------------------------------------------------------
 47 D-Codes      -----   31108 Draws,     859 Flashes

*********************************************************

Output file: C:\CAIN\ECB_AT91_V1_7\ECB_AT91_V1_7.BOT

Aperture totals for C:\CAIN\ECB_AT91_V1_7\ECB_AT91_V1_7.BOT:
---------------------------------------------------------
D47:  0.0039 ROUND  --   29662 Draws,       0 Flashes
D48:  0.0236 ROUND  --       0 Draws,       1 Flashes
D49:  0.0080 ROUND  --     812 Draws,       0 Flashes
D50:  0.0197 ROUND  --      95 Draws,       0 Flashes
D51:  0.0236 ROUND  --       0 Draws,     158 Flashes
D52:  0.0079 ROUND  --     137 Draws,       0 Flashes
D53:  0.0157 ROUND  --     604 Draws,       0 Flashes
D55:  0.0394 ROUND  --      25 Draws,       0 Flashes
D56:  0.0236 ROUND  --     141 Draws,       0 Flashes
D57:  0.0118 ROUND  --      41 Draws,       0 Flashes
D59:  0.0500 x 0.0400 RECTANGLE -----      76 Flashes
D60:  0.0400 x 0.0500 RECTANGLE -----      68 Flashes
D61:  0.0600 SQUARE --       0 Draws,       2 Flashes
D62:  0.0600 ROUND  --       0 Draws,      52 Flashes
D63:  0.0870 ROUND  --       0 Draws,       2 Flashes
D64:  0.1250 ROUND  --       0 Draws,       2 Flashes
D65:  0.0550 ROUND  --       0 Draws,      12 Flashes
D66:  0.0550 SQUARE --       0 Draws,       5 Flashes
D67:  0.0620 ROUND  --       0 Draws,      14 Flashes
D68:  0.0620 SQUARE --       0 Draws,       2 Flashes
D69:  0.0551 ROUND  --       0 Draws,       8 Flashes
D70:  0.1340 ROUND  --       0 Draws,       7 Flashes
D71:  0.0775 ROUND  --       0 Draws,       2 Flashes
D72:  0.0669 ROUND  --       0 Draws,       4 Flashes
D73:  0.0394 x 0.0709 RECTANGLE -----       1 Flashes
D74:  0.0709 x 0.0669 RECTANGLE -----       3 Flashes
D75:  0.0165 x 0.0630 RECTANGLE -----      10 Flashes
D76:  0.0709 x 0.0748 RECTANGLE -----       1 Flashes
D77:  0.0580 ROUND  --       0 Draws,      19 Flashes
D78:  0.0580 SQUARE --       0 Draws,       6 Flashes
D79:  0.0500 SQUARE --       0 Draws,       6 Flashes
D80:  0.0197 x 0.0551 RECTANGLE -----      54 Flashes
D81:  0.0320 x 0.0380 RECTANGLE -----       2 Flashes
D82:  0.0138 x 0.0394 RECTANGLE -----       5 Flashes
D83:  0.0350 x 0.0550 RECTANGLE -----       1 Flashes
D84:  0.0350 x 0.0450 RECTANGLE -----       2 Flashes
D85:  0.0880 x 0.1420 RECTANGLE -----       1 Flashes
D86:  0.0880 x 0.0480 RECTANGLE -----       3 Flashes
D87:  0.1500 x 0.0450 RECTANGLE -----       3 Flashes
D88:  0.0236 ROUND  --       0 Draws,     150 Flashes
D89:  0.0315 ROUND  --       7 Draws,       0 Flashes
D90:  0.0354 ROUND  --       3 Draws,       0 Flashes
D92:  0.0200 ROUND  --       2 Draws,       0 Flashes
D150: 0.0236 ROUND  --       0 Draws,       1 Flashes
D152: 0.0600 x 0.1000 RECTANGLE -----       2 Flashes
---------------------------------------------------------
 45 D-Codes      -----   31529 Draws,     685 Flashes

*********************************************************

Output file: C:\CAIN\ECB_AT91_V1_7\ECB_AT91_V1_7.SMT

Aperture totals for C:\CAIN\ECB_AT91_V1_7\ECB_AT91_V1_7.SMT:
---------------------------------------------------------
D59:  0.0500 x 0.0400 RECTANGLE -----      30 Flashes
D60:  0.0400 x 0.0500 RECTANGLE -----      24 Flashes
D65:  0.0550 ROUND  --       0 Draws,      12 Flashes
D66:  0.0550 SQUARE --       0 Draws,       5 Flashes
D67:  0.0620 ROUND  --       0 Draws,      14 Flashes
D68:  0.0620 SQUARE --       0 Draws,       2 Flashes
D69:  0.0551 ROUND  --       0 Draws,       8 Flashes
D77:  0.0580 ROUND  --       0 Draws,      19 Flashes
D78:  0.0580 SQUARE --       0 Draws,       6 Flashes
D79:  0.0500 SQUARE --       0 Draws,       2 Flashes
D94:  0.1050 x 0.0650 RECTANGLE -----      10 Flashes
D96:  0.0650 ROUND  --       0 Draws,      52 Flashes
D97:  0.0920 ROUND  --       0 Draws,       2 Flashes
D98:  0.1350 ROUND  --       0 Draws,       2 Flashes
D99:  0.1390 ROUND  --       0 Draws,       7 Flashes
D100: 0.0827 ROUND  --       0 Draws,       2 Flashes
D101: 0.0768 ROUND  --       0 Draws,       2 Flashes
D102: 0.0700 x 0.0110 OBLONG    -----      94 Flashes
D103: 0.0700 x 0.0110 RECTANGLE -----      10 Flashes
D104: 0.0110 x 0.0700 OBLONG    -----      93 Flashes
D105: 0.0110 x 0.0700 RECTANGLE -----      11 Flashes
D106: 0.0700 x 0.0180 OBLONG    -----      14 Flashes
D107: 0.0700 x 0.0180 RECTANGLE -----       2 Flashes
D108: 0.0180 x 0.0700 OBLONG    -----      14 Flashes
D109: 0.0180 x 0.0700 RECTANGLE -----       2 Flashes
D110: 0.0300 x 0.0850 RECTANGLE -----       8 Flashes
D111: 0.0600 x 0.0200 RECTANGLE -----      16 Flashes
D112: 0.0750 x 0.0210 RECTANGLE -----      20 Flashes
D113: 0.0130 x 0.0730 RECTANGLE -----      24 Flashes
D114: 0.0730 x 0.0130 RECTANGLE -----      24 Flashes
D115: 0.0300 x 0.0800 RECTANGLE -----       8 Flashes
D116: 0.0930 x 0.1470 RECTANGLE -----       1 Flashes
D117: 0.0930 x 0.0530 RECTANGLE -----       3 Flashes
D118: 0.0905 x 0.0551 RECTANGLE -----       4 Flashes
D142: 0.0787 ROUND  --       0 Draws,       2 Flashes
---------------------------------------------------------
 35 D-Codes      -----       0 Draws,     549 Flashes

*********************************************************

Output file: C:\CAIN\ECB_AT91_V1_7\ECB_AT91_V1_7.SMB

Aperture totals for C:\CAIN\ECB_AT91_V1_7\ECB_AT91_V1_7.SMB:
---------------------------------------------------------
D49:  0.0080 ROUND  --     154 Draws,       0 Flashes
D59:  0.0500 x 0.0400 RECTANGLE -----      76 Flashes
D60:  0.0400 x 0.0500 RECTANGLE -----      64 Flashes
D61:  0.0600 SQUARE --       0 Draws,       2 Flashes
D65:  0.0550 ROUND  --       0 Draws,      12 Flashes
D66:  0.0550 SQUARE --       0 Draws,       5 Flashes
D67:  0.0620 ROUND  --       0 Draws,      14 Flashes
D68:  0.0620 SQUARE --       0 Draws,       2 Flashes
D73:  0.0394 x 0.0709 RECTANGLE -----       1 Flashes
D74:  0.0709 x 0.0669 RECTANGLE -----       3 Flashes
D76:  0.0709 x 0.0748 RECTANGLE -----       1 Flashes
D77:  0.0580 ROUND  --       0 Draws,      19 Flashes
D78:  0.0580 SQUARE --       0 Draws,       6 Flashes
D79:  0.0500 SQUARE --       0 Draws,       6 Flashes
D81:  0.0320 x 0.0380 RECTANGLE -----       2 Flashes
D82:  0.0138 x 0.0394 RECTANGLE -----       5 Flashes
D95:  0.0650 x 0.1050 RECTANGLE -----       2 Flashes
D96:  0.0650 ROUND  --       0 Draws,      52 Flashes
D97:  0.0920 ROUND  --       0 Draws,       2 Flashes
D98:  0.1350 ROUND  --       0 Draws,       2 Flashes
D99:  0.1390 ROUND  --       0 Draws,       7 Flashes
D100: 0.0827 ROUND  --       0 Draws,       2 Flashes
D101: 0.0768 ROUND  --       0 Draws,       2 Flashes
D116: 0.0930 x 0.1470 RECTANGLE -----       1 Flashes
D117: 0.0930 x 0.0530 RECTANGLE -----       3 Flashes
D119: 0.0236 x 0.0669 RECTANGLE -----      10 Flashes
D120: 0.0450 x 0.0550 RECTANGLE -----       6 Flashes
D121: 0.0236 x 0.0590 RECTANGLE -----      54 Flashes
D122: 0.0400 x 0.0600 RECTANGLE -----       1 Flashes
D123: 0.1550 x 0.0500 RECTANGLE -----       3 Flashes
D142: 0.0787 ROUND  --       0 Draws,       2 Flashes
---------------------------------------------------------
 31 D-Codes      -----     154 Draws,     367 Flashes

*********************************************************

Output file: C:\CAIN\ECB_AT91_V1_7\ECB_AT91_V1_7.SST

Aperture totals for C:\CAIN\ECB_AT91_V1_7\ECB_AT91_V1_7.SST:
---------------------------------------------------------
D49:  0.0080 ROUND  --     218 Draws,       0 Flashes
D52:  0.0079 ROUND  --     281 Draws,       0 Flashes
D53:  0.0157 ROUND  --      86 Draws,       0 Flashes
D57:  0.0118 ROUND  --      95 Draws,       0 Flashes
D124: 0.0100 ROUND  --      38 Draws,       0 Flashes
D125: 0.0060 ROUND  --     220 Draws,       0 Flashes
D126: 0.0010 ROUND  --      12 Draws,       0 Flashes
D127: 0.0030 ROUND  --     216 Draws,       0 Flashes
D128: 0.0050 ROUND  --      10 Draws,       0 Flashes
D129: 0.0063 ROUND  --     710 Draws,       0 Flashes
D130: 0.0059 ROUND  --     351 Draws,       0 Flashes
D131: 0.0047 ROUND  --      18 Draws,       0 Flashes
---------------------------------------------------------
 12 D-Codes      -----    2255 Draws,       0 Flashes

*********************************************************

Output file: C:\CAIN\ECB_AT91_V1_7\ECB_AT91_V1_7.SSB

Aperture totals for C:\CAIN\ECB_AT91_V1_7\ECB_AT91_V1_7.SSB:
---------------------------------------------------------
D49:  0.0080 ROUND  --      11 Draws,       0 Flashes
D52:  0.0079 ROUND  --     477 Draws,       0 Flashes
D57:  0.0118 ROUND  --      50 Draws,       0 Flashes
D124: 0.0100 ROUND  --       4 Draws,       0 Flashes
D125: 0.0060 ROUND  --     395 Draws,       0 Flashes
D127: 0.0030 ROUND  --      64 Draws,       0 Flashes
D129: 0.0063 ROUND  --     994 Draws,       0 Flashes
D130: 0.0059 ROUND  --     222 Draws,       0 Flashes
---------------------------------------------------------
  8 D-Codes      -----    2217 Draws,       0 Flashes

*********************************************************

Output file: C:\CAIN\ECB_AT91_V1_7\ECB_AT91_V1_7.AST

Aperture totals for C:\CAIN\ECB_AT91_V1_7\ECB_AT91_V1_7.AST:
---------------------------------------------------------
D47:  0.0039 ROUND  --       5 Draws,       0 Flashes
D49:  0.0080 ROUND  --     919 Draws,       0 Flashes
D59:  0.0500 x 0.0400 RECTANGLE -----      30 Flashes
D60:  0.0400 x 0.0500 RECTANGLE -----      24 Flashes
D65:  0.0550 ROUND  --       0 Draws,      12 Flashes
D66:  0.0550 SQUARE --       0 Draws,       5 Flashes
D67:  0.0620 ROUND  --       0 Draws,      14 Flashes
D68:  0.0620 SQUARE --       0 Draws,       2 Flashes
D77:  0.0580 ROUND  --       0 Draws,      19 Flashes
D78:  0.0580 SQUARE --       0 Draws,       6 Flashes
D79:  0.0500 SQUARE --       0 Draws,       2 Flashes
D102: 0.0700 x 0.0110 OBLONG    -----      94 Flashes
D103: 0.0700 x 0.0110 RECTANGLE -----      10 Flashes
D104: 0.0110 x 0.0700 OBLONG    -----      93 Flashes
D105: 0.0110 x 0.0700 RECTANGLE -----      11 Flashes
D106: 0.0700 x 0.0180 OBLONG    -----      14 Flashes
D107: 0.0700 x 0.0180 RECTANGLE -----       2 Flashes
D108: 0.0180 x 0.0700 OBLONG    -----      14 Flashes
D109: 0.0180 x 0.0700 RECTANGLE -----       2 Flashes
D124: 0.0100 ROUND  --     234 Draws,       0 Flashes
D125: 0.0060 ROUND  --    2968 Draws,       0 Flashes
D127: 0.0030 ROUND  --     932 Draws,       0 Flashes
D128: 0.0050 ROUND  --     141 Draws,       0 Flashes
D132: 0.0040 ROUND  --     763 Draws,       0 Flashes
D133: 0.0020 ROUND  --     292 Draws,       0 Flashes
D134: 0.0070 ROUND  --      59 Draws,       0 Flashes
D135: 0.0098 ROUND  --      98 Draws,       0 Flashes
---------------------------------------------------------
 27 D-Codes      -----    6411 Draws,     354 Flashes

*********************************************************

Output file: C:\CAIN\ECB_AT91_V1_7\ECB_AT91_V1_7.ASB

Aperture totals for C:\CAIN\ECB_AT91_V1_7\ECB_AT91_V1_7.ASB:
---------------------------------------------------------
D47:  0.0039 ROUND  --       5 Draws,       0 Flashes
D49:  0.0080 ROUND  --      60 Draws,       0 Flashes
D59:  0.0500 x 0.0400 RECTANGLE -----      76 Flashes
D60:  0.0400 x 0.0500 RECTANGLE -----      62 Flashes
D61:  0.0600 SQUARE --       0 Draws,       2 Flashes
D65:  0.0550 ROUND  --       0 Draws,      12 Flashes
D66:  0.0550 SQUARE --       0 Draws,       5 Flashes
D67:  0.0620 ROUND  --       0 Draws,      14 Flashes
D68:  0.0620 SQUARE --       0 Draws,       2 Flashes
D77:  0.0580 ROUND  --       0 Draws,      19 Flashes
D78:  0.0580 SQUARE --       0 Draws,       6 Flashes
D79:  0.0500 SQUARE --       0 Draws,       6 Flashes
D81:  0.0320 x 0.0380 RECTANGLE -----       2 Flashes
D125: 0.0060 ROUND  --    7242 Draws,       0 Flashes
D127: 0.0030 ROUND  --     362 Draws,       0 Flashes
D128: 0.0050 ROUND  --      48 Draws,       0 Flashes
D132: 0.0040 ROUND  --       6 Draws,       0 Flashes
D133: 0.0020 ROUND  --      12 Draws,       0 Flashes
D135: 0.0098 ROUND  --      69 Draws,       0 Flashes
---------------------------------------------------------
 19 D-Codes      -----    7804 Draws,     206 Flashes

*********************************************************

Output file: C:\CAIN\ECB_AT91_V1_7\ECB_AT91_V1_7.DRD

Aperture totals for C:\CAIN\ECB_AT91_V1_7\ECB_AT91_V1_7.DRD:
---------------------------------------------------------
D47:  0.0039 ROUND  --       5 Draws,       0 Flashes
D124: 0.0100 ROUND  --    2718 Draws,       0 Flashes
---------------------------------------------------------
  2 D-Codes      -----    2723 Draws,       0 Flashes

*********************************************************

Output file: C:\CAIN\ECB_AT91_V1_7\ECB_AT91_V1_7.FAB

Aperture totals for C:\CAIN\ECB_AT91_V1_7\ECB_AT91_V1_7.FAB:
---------------------------------------------------------
D47:  0.0039 ROUND  --       5 Draws,       0 Flashes
D136: 0.0157 ROUND  --       0 Draws,     150 Flashes
D137: 0.0157 ROUND  --       0 Draws,      97 Flashes
D151: 0.0157 ROUND  --       0 Draws,      63 Flashes
---------------------------------------------------------
  4 D-Codes      -----       5 Draws,     310 Flashes


*********************************************************

Aperture totals for entire project:
---------------------------------------------------------
D11:  0.0500 x 0.0400 RECTANGLE -----      30 Flashes
D12:  0.0400 x 0.0500 RECTANGLE -----      24 Flashes
D13:  0.1000 x 0.0600 RECTANGLE -----      10 Flashes
D15:  0.0600 ROUND  --       0 Draws,      52 Flashes
D16:  0.0870 ROUND  --       0 Draws,       2 Flashes
D17:  0.1250 ROUND  --       0 Draws,       2 Flashes
D18:  0.0550 ROUND  --       0 Draws,      12 Flashes
D19:  0.0550 SQUARE --       0 Draws,       5 Flashes
D20:  0.0620 ROUND  --       0 Draws,      14 Flashes
D21:  0.0620 SQUARE --       0 Draws,       2 Flashes
D22:  0.0551 ROUND  --       0 Draws,       8 Flashes
D23:  0.1340 ROUND  --       0 Draws,       7 Flashes
D24:  0.0775 ROUND  --       0 Draws,       2 Flashes
D25:  0.0669 ROUND  --       0 Draws,       4 Flashes
D26:  0.0580 ROUND  --       0 Draws,      19 Flashes
D27:  0.0580 SQUARE --       0 Draws,       6 Flashes
D28:  0.0500 SQUARE --       0 Draws,       2 Flashes
D29:  0.0700 x 0.0110 OBLONG    -----      94 Flashes
D30:  0.0700 x 0.0110 RECTANGLE -----      10 Flashes
D31:  0.0110 x 0.0700 OBLONG    -----      93 Flashes
D32:  0.0110 x 0.0700 RECTANGLE -----      11 Flashes
D33:  0.0700 x 0.0180 OBLONG    -----      14 Flashes
D34:  0.0700 x 0.0180 RECTANGLE -----       2 Flashes
D35:  0.0180 x 0.0700 OBLONG    -----      14 Flashes
D36:  0.0180 x 0.0700 RECTANGLE -----       2 Flashes
D37:  0.0250 x 0.0800 RECTANGLE -----       8 Flashes
D38:  0.0550 x 0.0150 RECTANGLE -----      16 Flashes
D39:  0.0700 x 0.0160 RECTANGLE -----      20 Flashes
D40:  0.0100 x 0.0700 RECTANGLE -----      24 Flashes
D41:  0.0700 x 0.0100 RECTANGLE -----      24 Flashes
D42:  0.0250 x 0.0750 RECTANGLE -----       8 Flashes
D43:  0.0880 x 0.1420 RECTANGLE -----       1 Flashes
D44:  0.0880 x 0.0480 RECTANGLE -----       3 Flashes
D45:  0.0866 x 0.0512 RECTANGLE -----       4 Flashes
D46:  0.0236 ROUND  --       0 Draws,     150 Flashes
D47:  0.0039 ROUND  --   58750 Draws,       0 Flashes
D48:  0.0236 ROUND  --       0 Draws,       2 Flashes
D49:  0.0080 ROUND  --    3410 Draws,       0 Flashes
D50:  0.0197 ROUND  --     149 Draws,       0 Flashes
D51:  0.0236 ROUND  --       0 Draws,     316 Flashes
D52:  0.0079 ROUND  --    1149 Draws,       0 Flashes
D53:  0.0157 ROUND  --    1102 Draws,       0 Flashes
D54:  0.0276 ROUND  --      20 Draws,       0 Flashes
D55:  0.0394 ROUND  --      65 Draws,       0 Flashes
D56:  0.0236 ROUND  --     159 Draws,       0 Flashes
D57:  0.0118 ROUND  --     192 Draws,       0 Flashes
D59:  0.0500 x 0.0400 RECTANGLE -----     288 Flashes
D60:  0.0400 x 0.0500 RECTANGLE -----     242 Flashes
D61:  0.0600 SQUARE --       0 Draws,       6 Flashes
D62:  0.0600 ROUND  --       0 Draws,      52 Flashes
D63:  0.0870 ROUND  --       0 Draws,       2 Flashes
D64:  0.1250 ROUND  --       0 Draws,       2 Flashes
D65:  0.0550 ROUND  --       0 Draws,      60 Flashes
D66:  0.0550 SQUARE --       0 Draws,      25 Flashes
D67:  0.0620 ROUND  --       0 Draws,      70 Flashes
D68:  0.0620 SQUARE --       0 Draws,      10 Flashes
D69:  0.0551 ROUND  --       0 Draws,      16 Flashes
D70:  0.1340 ROUND  --       0 Draws,       7 Flashes
D71:  0.0775 ROUND  --       0 Draws,       2 Flashes
D72:  0.0669 ROUND  --       0 Draws,       4 Flashes
D73:  0.0394 x 0.0709 RECTANGLE -----       2 Flashes
D74:  0.0709 x 0.0669 RECTANGLE -----       6 Flashes
D75:  0.0165 x 0.0630 RECTANGLE -----      10 Flashes
D76:  0.0709 x 0.0748 RECTANGLE -----       2 Flashes
D77:  0.0580 ROUND  --       0 Draws,      95 Flashes
D78:  0.0580 SQUARE --       0 Draws,      30 Flashes
D79:  0.0500 SQUARE --       0 Draws,      22 Flashes
D80:  0.0197 x 0.0551 RECTANGLE -----      54 Flashes
D81:  0.0320 x 0.0380 RECTANGLE -----       6 Flashes
D82:  0.0138 x 0.0394 RECTANGLE -----      10 Flashes
D83:  0.0350 x 0.0550 RECTANGLE -----       1 Flashes
D84:  0.0350 x 0.0450 RECTANGLE -----       2 Flashes
D85:  0.0880 x 0.1420 RECTANGLE -----       1 Flashes
D86:  0.0880 x 0.0480 RECTANGLE -----       3 Flashes
D87:  0.1500 x 0.0450 RECTANGLE -----       3 Flashes
D88:  0.0236 ROUND  --       0 Draws,     150 Flashes
D89:  0.0315 ROUND  --       7 Draws,       0 Flashes
D90:  0.0354 ROUND  --       3 Draws,       0 Flashes
D92:  0.0200 ROUND  --       2 Draws,       0 Flashes
D94:  0.1050 x 0.0650 RECTANGLE -----      10 Flashes
D95:  0.0650 x 0.1050 RECTANGLE -----       2 Flashes
D96:  0.0650 ROUND  --       0 Draws,     104 Flashes
D97:  0.0920 ROUND  --       0 Draws,       4 Flashes
D98:  0.1350 ROUND  --       0 Draws,       4 Flashes
D99:  0.1390 ROUND  --       0 Draws,      14 Flashes
D100: 0.0827 ROUND  --       0 Draws,       4 Flashes
D101: 0.0768 ROUND  --       0 Draws,       4 Flashes
D102: 0.0700 x 0.0110 OBLONG    -----     188 Flashes
D103: 0.0700 x 0.0110 RECTANGLE -----      20 Flashes
D104: 0.0110 x 0.0700 OBLONG    -----     186 Flashes
D105: 0.0110 x 0.0700 RECTANGLE -----      22 Flashes
D106: 0.0700 x 0.0180 OBLONG    -----      28 Flashes
D107: 0.0700 x 0.0180 RECTANGLE -----       4 Flashes
D108: 0.0180 x 0.0700 OBLONG    -----      28 Flashes
D109: 0.0180 x 0.0700 RECTANGLE -----       4 Flashes
D110: 0.0300 x 0.0850 RECTANGLE -----       8 Flashes
D111: 0.0600 x 0.0200 RECTANGLE -----      16 Flashes
D112: 0.0750 x 0.0210 RECTANGLE -----      20 Flashes
D113: 0.0130 x 0.0730 RECTANGLE -----      24 Flashes
D114: 0.0730 x 0.0130 RECTANGLE -----      24 Flashes
D115: 0.0300 x 0.0800 RECTANGLE -----       8 Flashes
D116: 0.0930 x 0.1470 RECTANGLE -----       2 Flashes
D117: 0.0930 x 0.0530 RECTANGLE -----       6 Flashes
D118: 0.0905 x 0.0551 RECTANGLE -----       4 Flashes
D119: 0.0236 x 0.0669 RECTANGLE -----      10 Flashes
D120: 0.0450 x 0.0550 RECTANGLE -----       6 Flashes
D121: 0.0236 x 0.0590 RECTANGLE -----      54 Flashes
D122: 0.0400 x 0.0600 RECTANGLE -----       1 Flashes
D123: 0.1550 x 0.0500 RECTANGLE -----       3 Flashes
D124: 0.0100 ROUND  --    2994 Draws,       0 Flashes
D125: 0.0060 ROUND  --   10825 Draws,       0 Flashes
D126: 0.0010 ROUND  --      12 Draws,       0 Flashes
D127: 0.0030 ROUND  --    1574 Draws,       0 Flashes
D128: 0.0050 ROUND  --     199 Draws,       0 Flashes
D129: 0.0063 ROUND  --    1704 Draws,       0 Flashes
D130: 0.0059 ROUND  --     573 Draws,       0 Flashes
D131: 0.0047 ROUND  --      18 Draws,       0 Flashes
D132: 0.0040 ROUND  --     769 Draws,       0 Flashes
D133: 0.0020 ROUND  --     304 Draws,       0 Flashes
D134: 0.0070 ROUND  --      59 Draws,       0 Flashes
D135: 0.0098 ROUND  --     167 Draws,       0 Flashes
D136: 0.0157 ROUND  --       0 Draws,     150 Flashes
D137: 0.0157 ROUND  --       0 Draws,      97 Flashes
D142: 0.0787 ROUND  --       0 Draws,       4 Flashes
D150: 0.0236 ROUND  --       0 Draws,       2 Flashes
D151: 0.0157 ROUND  --       0 Draws,      63 Flashes
D152: 0.0600 x 0.1000 RECTANGLE -----       2 Flashes
---------------------------------------------------------
127 D-Codes      -----   84206 Draws,    3330 Flashes


No warnings or errors.
